\BOOKMARK [1][-]{section.1}{\376\377\000I\000n\000t\000r\000o\000d\000u\000c\000t\000i\000o\000n\000\040\000a\000n\000d\000\040\000S\000t\000a\000t\000e\000\040\000o\000f\000\040\000t\000h\000e\000\040\000A\000r\000t}{}% 1
\BOOKMARK [2][-]{subsection.1.1}{\376\377\000I\000n\000t\000r\000o\000d\000u\000c\000t\000i\000o\000n\000\040\000a\000n\000d\000\040\000G\000e\000n\000e\000r\000a\000l\000\040\000D\000e\000s\000c\000r\000i\000p\000t\000i\000o\000n\000\040\000o\000f\000\040\000t\000h\000e\000\040\000T\000o\000p\000i\000c}{section.1}% 2
\BOOKMARK [2][-]{subsection.1.2}{\376\377\000T\000h\000e\000m\000a\000t\000i\000c\000\040\000D\000e\000v\000e\000l\000o\000p\000m\000e\000n\000t\000\040\000a\000n\000d\000\040\000S\000t\000a\000t\000e\000\040\000o\000f\000\040\000t\000h\000e\000\040\000A\000r\000t}{section.1}% 3
\BOOKMARK [3][-]{subsubsection.1.2.1}{\376\377\000C\000o\000m\000p\000l\000e\000t\000i\000o\000n\000\040\000o\000f\000\040\000T\000i\000m\000e\000\040\000S\000e\000r\000i\000e\000s\000\040\000\050\000G\000a\000p\000-\000F\000i\000l\000l\000i\000n\000g\000\051}{subsection.1.2}% 4
\BOOKMARK [3][-]{subsubsection.1.2.2}{\376\377\000P\000h\000y\000s\000i\000c\000a\000l\040\023\000B\000i\000o\000l\000o\000g\000i\000c\000a\000l\000\040\000C\000o\000r\000r\000e\000l\000a\000t\000i\000o\000n\000:\000\040\000M\000u\000l\000t\000i\000m\000o\000d\000a\000l\000\040\000D\000e\000e\000p\000\040\000L\000e\000a\000r\000n\000i\000n\000g}{subsection.1.2}% 5
\BOOKMARK [3][-]{subsubsection.1.2.3}{\376\377\000S\000p\000a\000t\000i\000a\000l\000\040\000E\000x\000t\000r\000a\000p\000o\000l\000a\000t\000i\000o\000n\000\040\000f\000r\000o\000m\000\040\000D\000i\000s\000c\000r\000e\000t\000e\000\040\000O\000b\000s\000e\000r\000v\000a\000t\000i\000o\000n\000s}{subsection.1.2}% 6
\BOOKMARK [3][-]{subsubsection.1.2.4}{\376\377\000H\000y\000b\000r\000i\000d\000\040\000O\000c\000e\000a\000n\000o\000g\000r\000a\000p\000h\000i\000c\000\040\000M\000o\000d\000e\000l\000l\000i\000n\000g}{subsection.1.2}% 7
\BOOKMARK [3][-]{subsubsection.1.2.5}{\376\377\000P\000r\000e\000d\000i\000c\000t\000i\000v\000e\000\040\000C\000a\000p\000a\000b\000i\000l\000i\000t\000y\000\040\000a\000n\000d\000\040\000D\000i\000g\000i\000t\000a\000l\000\040\000T\000w\000i\000n}{subsection.1.2}% 8
\BOOKMARK [3][-]{subsubsection.1.2.6}{\376\377\000V\000a\000l\000i\000d\000a\000t\000i\000o\000n\000\040\000a\000n\000d\000\040\000C\000o\000m\000p\000a\000r\000a\000t\000i\000v\000e\000\040\000A\000n\000a\000l\000y\000s\000i\000s\000\040\000w\000i\000t\000h\000\040\000E\000M\000S\000O\000-\000E\000R\000I\000C}{subsection.1.2}% 9
\BOOKMARK [2][-]{subsection.1.3}{\376\377\000G\000e\000n\000e\000r\000a\000l\000\040\000O\000b\000j\000e\000c\000t\000i\000v\000e\000\040\000a\000n\000d\000\040\000S\000u\000b\000-\000O\000b\000j\000e\000c\000t\000i\000v\000e\000s}{section.1}% 10
\BOOKMARK [2][-]{subsection.1.4}{\376\377\000K\000n\000o\000w\000l\000e\000d\000g\000e\000\040\000G\000a\000p\000s\000\040\000a\000n\000d\000\040\000P\000h\000D\000\040\000O\000r\000i\000g\000i\000n\000a\000l\000\040\000C\000o\000n\000t\000r\000i\000b\000u\000t\000i\000o\000n\000s}{section.1}% 11
\BOOKMARK [3][-]{subsubsection.1.4.1}{\376\377\000T\000h\000e\000m\000e\000\040\0001\000\040\040\024\000\040\000C\000o\000m\000p\000l\000e\000t\000i\000o\000n\000\040\000a\000n\000d\000\040\000R\000e\000c\000o\000n\000s\000t\000r\000u\000c\000t\000i\000o\000n\000\040\000o\000f\000\040\000T\000i\000m\000e\000\040\000S\000e\000r\000i\000e\000s}{subsection.1.4}% 12
\BOOKMARK [3][-]{subsubsection.1.4.2}{\376\377\000T\000h\000e\000m\000e\000\040\0002\000\040\040\024\000\040\000P\000h\000y\000s\000i\000c\000a\000l\040\023\000B\000i\000o\000l\000o\000g\000i\000c\000a\000l\000\040\000C\000o\000r\000r\000e\000l\000a\000t\000i\000o\000n\000\040\000U\000s\000i\000n\000g\000\040\000M\000u\000l\000t\000i\000m\000o\000d\000a\000l\000\040\000D\000e\000e\000p\000\040\000L\000e\000a\000r\000n\000i\000n\000g}{subsection.1.4}% 13
\BOOKMARK [3][-]{subsubsection.1.4.3}{\376\377\000T\000h\000e\000m\000e\000\040\0003\000\040\040\024\000\040\000S\000p\000a\000t\000i\000a\000l\000\040\000E\000x\000t\000r\000a\000p\000o\000l\000a\000t\000i\000o\000n\000\040\000f\000r\000o\000m\000\040\000D\000i\000s\000c\000r\000e\000t\000e\000\040\000O\000b\000s\000e\000r\000v\000a\000t\000i\000o\000n\000s}{subsection.1.4}% 14
\BOOKMARK [3][-]{subsubsection.1.4.4}{\376\377\000T\000h\000e\000m\000e\000\040\0004\000\040\040\024\000\040\000H\000y\000b\000r\000i\000d\000\040\000O\000c\000e\000a\000n\000o\000g\000r\000a\000p\000h\000i\000c\000\040\000M\000o\000d\000e\000l\000s}{subsection.1.4}% 15
\BOOKMARK [3][-]{subsubsection.1.4.5}{\376\377\000T\000h\000e\000m\000e\000\040\0005\000\040\040\024\000\040\000P\000r\000e\000d\000i\000c\000t\000i\000v\000e\000\040\000C\000a\000p\000a\000b\000i\000l\000i\000t\000y\000\040\000a\000n\000d\000\040\000D\000i\000g\000i\000t\000a\000l\000\040\000T\000w\000i\000n}{subsection.1.4}% 16
\BOOKMARK [1][-]{section.2}{\376\377\000M\000e\000t\000h\000o\000d\000o\000l\000o\000g\000y\000:\000\040\000M\000u\000l\000t\000i\000v\000a\000r\000i\000a\000t\000e\000\040\000O\000c\000e\000a\000n\000o\000g\000r\000a\000p\000h\000i\000c\000\040\000D\000a\000t\000a\000\040\000P\000r\000o\000c\000e\000s\000s\000i\000n\000g\000\040\000a\000n\000d\000\040\000A\000I\000-\000B\000a\000s\000e\000d\000\040\000G\000a\000p\000\040\000F\000i\000l\000l\000i\000n\000g}{}% 17
\BOOKMARK [2][-]{subsection.2.1}{\376\377\000O\000v\000e\000r\000v\000i\000e\000w}{section.2}% 18
\BOOKMARK [2][-]{subsection.2.2}{\376\377\000P\000h\000a\000s\000e\000\040\0001\000:\000\040\000D\000a\000t\000a\000\040\000A\000c\000q\000u\000i\000s\000i\000t\000i\000o\000n}{section.2}% 19
\BOOKMARK [2][-]{subsection.2.3}{\376\377\000P\000h\000a\000s\000e\000\040\0002\000:\000\040\000T\000e\000m\000p\000o\000r\000a\000l\000\040\000H\000a\000r\000m\000o\000n\000i\000z\000a\000t\000i\000o\000n}{section.2}% 20
\BOOKMARK [2][-]{subsection.2.4}{\376\377\000P\000h\000a\000s\000e\000\040\0003\000:\000\040\000I\000n\000s\000t\000r\000u\000m\000e\000n\000t\000a\000l\000\040\000Q\000u\000a\000l\000i\000t\000y\000\040\000C\000o\000n\000t\000r\000o\000l\000\040\000\050\000Q\000A\000R\000T\000O\000D\000\051}{section.2}% 21
\BOOKMARK [2][-]{subsection.2.5}{\376\377\000P\000h\000a\000s\000e\000\040\0004\000:\000\040\000P\000h\000y\000s\000i\000c\000a\000l\000\040\000F\000e\000a\000t\000u\000r\000e\000\040\000E\000n\000g\000i\000n\000e\000e\000r\000i\000n\000g}{section.2}% 22
\BOOKMARK [2][-]{subsection.2.6}{\376\377\000P\000h\000a\000s\000e\000\040\0005\000:\000\040\000G\000a\000p\000\040\000A\000n\000a\000l\000y\000s\000i\000s\000\040\000a\000n\000d\000\040\000C\000l\000a\000s\000s\000i\000f\000i\000c\000a\000t\000i\000o\000n}{section.2}% 23
\BOOKMARK [3][-]{subsubsection.2.6.1}{\376\377\000M\000e\000t\000h\000o\000d\000\040\000S\000e\000l\000e\000c\000t\000i\000o\000n\000\040\000L\000o\000g\000i\000c}{subsection.2.6}% 24
\BOOKMARK [2][-]{subsection.2.7}{\376\377\000P\000h\000a\000s\000e\000\040\0006\000:\000\040\000A\000I\000-\000B\000a\000s\000e\000d\000\040\000G\000a\000p\000\040\000F\000i\000l\000l\000i\000n\000g\000\040\000M\000o\000d\000e\000l\000s}{section.2}% 25
\BOOKMARK [3][-]{subsubsection.2.7.1}{\376\377\000M\000o\000d\000e\000l\000\040\0001\000:\000\040\000V\000A\000R\000M\000A\000\040\000\050\000V\000e\000c\000t\000o\000r\000\040\000A\000u\000t\000o\000r\000e\000g\000r\000e\000s\000s\000i\000v\000e\000\040\000M\000o\000v\000i\000n\000g\000\040\000A\000v\000e\000r\000a\000g\000e\000\051}{subsection.2.7}% 26
\BOOKMARK [3][-]{subsubsection.2.7.2}{\376\377\000M\000o\000d\000e\000l\000\040\0002\000:\000\040\000B\000i\000d\000i\000r\000e\000c\000t\000i\000o\000n\000a\000l\000\040\000L\000S\000T\000M\000\040\000w\000i\000t\000h\000\040\000A\000t\000t\000e\000n\000t\000i\000o\000n}{subsection.2.7}% 27
\BOOKMARK [3][-]{subsubsection.2.7.3}{\376\377\000M\000o\000d\000e\000l\000\040\0003\000:\000\040\000X\000G\000B\000o\000o\000s\000t\000\040\000B\000i\000d\000i\000r\000e\000c\000t\000i\000o\000n\000a\000l\000\040\000R\000e\000c\000u\000r\000s\000i\000v\000e}{subsection.2.7}% 28
\BOOKMARK [3][-]{subsubsection.2.7.4}{\376\377\000I\000m\000p\000u\000t\000a\000t\000i\000o\000n\000\040\000E\000x\000a\000m\000p\000l\000e\000s\000\040\000b\000y\000\040\000G\000a\000p\000\040\000C\000a\000t\000e\000g\000o\000r\000y}{subsection.2.7}% 29
\BOOKMARK [2][-]{subsection.2.8}{\376\377\000P\000h\000a\000s\000e\000\040\0007\000:\000\040\000V\000a\000l\000i\000d\000a\000t\000i\000o\000n\000\040\000a\000n\000d\000\040\000B\000e\000n\000c\000h\000m\000a\000r\000k\000i\000n\000g}{section.2}% 30
\BOOKMARK [3][-]{subsubsection.2.8.1}{\376\377\000E\000v\000a\000l\000u\000a\000t\000i\000o\000n\000\040\000M\000e\000t\000r\000i\000c\000s}{subsection.2.8}% 31
\BOOKMARK [3][-]{subsubsection.2.8.2}{\376\377\000C\000o\000m\000p\000a\000r\000i\000s\000o\000n\000\040\000w\000i\000t\000h\000\040\000N\000u\000m\000e\000r\000i\000c\000a\000l\000\040\000O\000c\000e\000a\000n\000o\000g\000r\000a\000p\000h\000i\000c\000\040\000M\000o\000d\000e\000l\000s}{subsection.2.8}% 32
\BOOKMARK [2][-]{subsection.2.9}{\376\377\000P\000h\000a\000s\000e\000\040\0008\000:\000\040\000O\000u\000t\000p\000u\000t\000\040\000G\000e\000n\000e\000r\000a\000t\000i\000o\000n\000\040\000a\000n\000d\000\040\000V\000i\000s\000u\000a\000l\000i\000z\000a\000t\000i\000o\000n}{section.2}% 33
\BOOKMARK [2][-]{subsection.2.10}{\376\377\000C\000o\000m\000p\000u\000t\000a\000t\000i\000o\000n\000a\000l\000\040\000E\000n\000v\000i\000r\000o\000n\000m\000e\000n\000t}{section.2}% 34
\BOOKMARK [2][-]{subsection.2.11}{\376\377\000S\000u\000m\000m\000a\000r\000y}{section.2}% 35
