nohup: ignoring input
======================================================================
OBSEA MULTIVARIATE DATA ANALYSIS PIPELINE (LUP VERSION)
Execution started at: 2026-02-03 23:14:20
Working Directory: /home/uripratt/Documents/PhD/OBSEA_data/CTD/scripts
Log file: /home/uripratt/Documents/PhD/OBSEA_data/CTD/scripts/output_lup/pipeline_execution_20260203_231420.log
======================================================================
STEP 1: LOADING DATA
Loading multiple observational sources (CTD, AWAC, Met)...
[?25l[2K[32mŌĀŗ[0m Loading data...[2K[32mŌĀÖ[0m Loading ctd...[2K[32mŌĀ╣[0m Loading ctd...[2K[32mŌĀĖ[0m Loading ctd...[2K[32mŌĀ┤[0m Loading ctd...[2K  Ō£ō ctd: [1;36m239[0m,[1;36m341[0m records, [1;36m2009[0m-[1;36m05[0m-[1;36m29[0m [1;92m18:30:00[0m to [1;36m2024[0m-[1;36m12[0m-[1;36m16[0m [1;92m13:30:00[0m
[32mŌĀ┤[0m Loading ctd...[2K[32mŌĀ”[0m Loading currents...[2K  Ō£ō currents: [1;36m52[0m,[1;36m041[0m records, [1;36m2010[0m-[1;36m04[0m-[1;36m08[0m [1;92m10:30:00[0m to [1;36m2023[0m-[1;36m12[0m-[1;36m22[0m [1;92m03:30:00[0m
[32mŌĀ”[0m Loading currents...[2K  Ō£ō waves: [1;36m23[0m,[1;36m821[0m records, [1;36m2018[0m-[1;36m04[0m-[1;36m05[0m [1;92m10:14:01[0m to [1;36m2024[0m-[1;36m10[0m-[1;36m08[0m [1;92m19:47:05[0m
[32mŌĀ”[0m Loading currents...[2K[32mŌĀ¦[0m Loading airmar...[2K[32mŌĀć[0m Loading airmar...[2K  Ō£ō airmar: [1;36m110[0m,[1;36m517[0m records, [1;36m2011[0m-[1;36m10[0m-[1;36m06[0m [1;92m11:00:00[0m to [1;36m2024[0m-[1;36m08[0m-[1;36m29[0m [1;92m11:00:00[0m
[32mŌĀć[0m Loading airmar...[2K[32mŌĀŗ[0m Loading ctvg...[2K[32mŌĀÖ[0m Loading ctvg...[2K[32mŌĀ╣[0m Loading ctvg...[2K  Ō£ō ctvg: [1;36m203[0m,[1;36m269[0m records, [1;36m2010[0m-[1;36m04[0m-[1;36m08[0m [1;92m10:00:00[0m to [1;36m2024[0m-[1;36m12[0m-[1;36m16[0m [1;92m13:30:00[0m
[32mŌĀ╣[0m Loading ctvg...[2K  Loading ctvg...
[?25hSTEP 2: APPLYING INSTRUMENTAL QC
  - ctd       : 84,410 values flagged as suspect/fail
  - currents  : 129 values flagged as suspect/fail
  - waves     : 1,332 values flagged as suspect/fail
  - airmar    : 17,191 values flagged as suspect/fail
  - ctvg      : 59,719 values flagged as suspect/fail
STEP 3: CREATING UNIFIED MULTIVARIATE DATASET

[1;34mCreating unified dataset[0m[1;34m...[0m
  Time range: [1;36m2009[0m-[1;36m05[0m-[1;36m29[0m [1;92m18:30:00[0m to [1;36m2024[0m-[1;36m12[0m-[1;36m16[0m [1;92m13:30:00[0m
  Ō£ō ctd: [1;36m209[0m,[1;36m861[0m timestamps with data
  Ō£ō currents: [1;36m52[0m,[1;36m041[0m timestamps with data
  Ō£ō waves: [1;36m23[0m,[1;36m787[0m timestamps with data
  Ō£ō airmar: [1;36m110[0m,[1;36m444[0m timestamps with data
  Ō£ō ctvg: [1;36m203[0m,[1;36m125[0m timestamps with data

[32mUnified dataset: [0m[1;32m244[0m[32m,[0m[1;32m524[0m[32m records, [0m[1;32m91[0m[32m variables[0m
STEP 3.5: OCEANOGRAPHIC FEATURE EXTRACTION

[1;36mAdding Phase [0m[1;36m3[0m[1;36m derived features[0m[1;36m...[0m
  Computing Žā_╬Ė [1m([0mpotential density[1m)[0m[33m...[0m
  Computing N┬▓ [1m([0mstratification[1m)[0m[33m...[0m
  Computing wind U/V components[33m...[0m
  Computing wind stress[33m...[0m
  Computing wave energy flux[33m...[0m
  Computing RMS currents[33m...[0m
  Computing climatological anomalies[33m...[0m
  [32mŌ£ō Added [0m[1;32m9[0m[32m derived features: [0m[1;32m[[0m[32m'SIGMA0'[0m[32m, [0m[32m'N2'[0m[32m, [0m[32m'WIND_U'[0m[32m, [0m[32m'WIND_V'[0m[32m, [0m[32m'WIND_STRESS'[0m[32m, [0m[32m'WAVE_ENERGY'[0m[32m, [0m[32m'CUR_RMS'[0m[32m, [0m[32m'TEMP_ANOMALY'[0m[32m, [0m[32m'PSAL_ANOMALY'[0m[1;32m][0m
STEP 4: STATISTICAL ANALYSIS AND CORRELATIONS
  - Computed descriptive statistics for 33 variables
  - Computed correlation matrix for primary predictors
STEP 5: GAP ANALYSIS AND CLASSIFICATION
  - Identified 201,887 gaps across all variables
STEP 5.5: VARIABLE QUALITY FILTERING
  Filtering to 11 high-quality variables (Ōēż25% gaps)
  Ō£ō Filtered: 100 ŌåÆ 29 columns
  Variables retained: PSAL, PSAL_ANOMALY, TEMP, TEMP_ANOMALY, CNDC, SVEL, LAND_RELH, LAND_WSPD, LAND_WDIR, LAND_CAPH, LAND_AIRT
  Working with 11 high-quality variables for interpolation
STEP 5.6: SCIENTIFIC BENCHMARKING OF INTERPOLATION METHODS
Testing: Linear, Time, Splines, Polynomial, VARMA, Bi-LSTM
Benchmarking skipped (already completed in previous run).
STEP 5.7: SELECTIVE INTERPOLATION (CONFIG-BASED)
Applying optimized methods for production reconstruction

  [1mInterpolation Configuration:[0m
    micro: Ō£ō enabled [1m([0mmethod: time[1m)[0m
    short: Ō£ō enabled [1m([0mmethod: varma[1m)[0m
    medium: Ō£ō enabled [1m([0mmethod: xgboost[1m)[0m
    long: Ō£ō enabled [1m([0mmethod: xgboost[1m)[0m
    extended: Ō£Ś disabled [1m([0mmethod: xgboost[1m)[0m
    gigant: Ō£Ś disabled [1m([0mmethod: xgboost[1m)[0m
/home/uripratt/Documents/PhD/OBSEA_data/CTD/scripts/lup_data_obsea_analysis.py:1161: FutureWarning: 'T' is deprecated and will be removed in a future version, please use 'min' instead.
  return pd.date_range(start=start, end=end, freq=freq)
/home/uripratt/Documents/PhD/OBSEA_data/CTD/scripts/lup_data_obsea_analysis.py:1204: FutureWarning: 'T' is deprecated and will be removed in a future version, please use 'min' instead.
  gap_timestamps = pd.date_range(gap['start'], gap['end'], freq=freq)
/home/uripratt/Documents/PhD/OBSEA_data/CTD/scripts/lup_data_obsea_analysis.py:1204: FutureWarning: 'T' is deprecated and will be removed in a future version, please use 'min' instead.
  gap_timestamps = pd.date_range(gap['start'], gap['end'], freq=freq)
      VARMA Epoch [1/50] Loss: 1.349957
      VARMA Epoch [10/50] Loss: 0.770594
      VARMA Epoch [20/50] Loss: 0.730043
      VARMA Epoch [30/50] Loss: 0.695248
      VARMA Epoch [40/50] Loss: 0.684031
      VARMA Epoch [50/50] Loss: 0.684615
/home/uripratt/Documents/PhD/OBSEA_data/CTD/scripts/lup_data_obsea_analysis.py:1204: FutureWarning: 'T' is deprecated and will be removed in a future version, please use 'min' instead.
  gap_timestamps = pd.date_range(gap['start'], gap['end'], freq=freq)
Training Forward Model for PSAL...
Created 29 temporal features
Training Backward Model for PSAL...
Created 29 temporal features
Predicting Forward...
XGBoost failed: 'TemporalFeatureEngineer' object has no attribute 'transform'
/home/uripratt/Documents/PhD/OBSEA_data/CTD/scripts/lup_data_obsea_analysis.py:1204: FutureWarning: 'T' is deprecated and will be removed in a future version, please use 'min' instead.
  gap_timestamps = pd.date_range(gap['start'], gap['end'], freq=freq)
Training Forward Model for PSAL...
Created 29 temporal features
Training Backward Model for PSAL...
Created 29 temporal features
Predicting Forward...
XGBoost failed: 'TemporalFeatureEngineer' object has no attribute 'transform'
/home/uripratt/Documents/PhD/OBSEA_data/CTD/scripts/lup_data_obsea_analysis.py:1204: FutureWarning: 'T' is deprecated and will be removed in a future version, please use 'min' instead.
  gap_timestamps = pd.date_range(gap['start'], gap['end'], freq=freq)
/home/uripratt/Documents/PhD/OBSEA_data/CTD/scripts/lup_data_obsea_analysis.py:1204: FutureWarning: 'T' is deprecated and will be removed in a future version, please use 'min' instead.
  gap_timestamps = pd.date_range(gap['start'], gap['end'], freq=freq)
/home/uripratt/Documents/PhD/OBSEA_data/CTD/scripts/lup_data_obsea_analysis.py:1204: FutureWarning: 'T' is deprecated and will be removed in a future version, please use 'min' instead.
  gap_timestamps = pd.date_range(gap['start'], gap['end'], freq=freq)
/home/uripratt/Documents/PhD/OBSEA_data/CTD/scripts/lup_data_obsea_analysis.py:1204: FutureWarning: 'T' is deprecated and will be removed in a future version, please use 'min' instead.
  gap_timestamps = pd.date_range(gap['start'], gap['end'], freq=freq)
      VARMA Epoch [1/50] Loss: 0.707491
      VARMA Epoch [10/50] Loss: 0.631171
      VARMA Epoch [20/50] Loss: 0.606756
      VARMA Epoch [30/50] Loss: 0.591787
      VARMA Epoch [40/50] Loss: 0.583216
      VARMA Epoch [50/50] Loss: 0.569675
/home/uripratt/Documents/PhD/OBSEA_data/CTD/scripts/lup_data_obsea_analysis.py:1204: FutureWarning: 'T' is deprecated and will be removed in a future version, please use 'min' instead.
  gap_timestamps = pd.date_range(gap['start'], gap['end'], freq=freq)
Training Forward Model for PSAL_ANOMALY...
Created 29 temporal features
Training Backward Model for PSAL_ANOMALY...
Created 29 temporal features
Predicting Forward...
XGBoost failed: 'TemporalFeatureEngineer' object has no attribute 'transform'
/home/uripratt/Documents/PhD/OBSEA_data/CTD/scripts/lup_data_obsea_analysis.py:1204: FutureWarning: 'T' is deprecated and will be removed in a future version, please use 'min' instead.
  gap_timestamps = pd.date_range(gap['start'], gap['end'], freq=freq)
Training Forward Model for PSAL_ANOMALY...
Created 29 temporal features
Training Backward Model for PSAL_ANOMALY...
Created 29 temporal features
Predicting Forward...
XGBoost failed: 'TemporalFeatureEngineer' object has no attribute 'transform'
/home/uripratt/Documents/PhD/OBSEA_data/CTD/scripts/lup_data_obsea_analysis.py:1204: FutureWarning: 'T' is deprecated and will be removed in a future version, please use 'min' instead.
  gap_timestamps = pd.date_range(gap['start'], gap['end'], freq=freq)
/home/uripratt/Documents/PhD/OBSEA_data/CTD/scripts/lup_data_obsea_analysis.py:1204: FutureWarning: 'T' is deprecated and will be removed in a future version, please use 'min' instead.
  gap_timestamps = pd.date_range(gap['start'], gap['end'], freq=freq)
/home/uripratt/Documents/PhD/OBSEA_data/CTD/scripts/lup_data_obsea_analysis.py:1204: FutureWarning: 'T' is deprecated and will be removed in a future version, please use 'min' instead.
  gap_timestamps = pd.date_range(gap['start'], gap['end'], freq=freq)
/home/uripratt/Documents/PhD/OBSEA_data/CTD/scripts/lup_data_obsea_analysis.py:1204: FutureWarning: 'T' is deprecated and will be removed in a future version, please use 'min' instead.
  gap_timestamps = pd.date_range(gap['start'], gap['end'], freq=freq)
      VARMA Epoch [1/50] Loss: 1.263196
      VARMA Epoch [10/50] Loss: 0.682632
      VARMA Epoch [20/50] Loss: 0.654088
      VARMA Epoch [30/50] Loss: 0.646636
      VARMA Epoch [40/50] Loss: 0.635129
      VARMA Epoch [50/50] Loss: 0.633561
/home/uripratt/Documents/PhD/OBSEA_data/CTD/scripts/lup_data_obsea_analysis.py:1204: FutureWarning: 'T' is deprecated and will be removed in a future version, please use 'min' instead.
  gap_timestamps = pd.date_range(gap['start'], gap['end'], freq=freq)
Training Forward Model for TEMP...
Created 29 temporal features
Training Backward Model for TEMP...
Created 29 temporal features
Predicting Forward...
XGBoost failed: 'TemporalFeatureEngineer' object has no attribute 'transform'
/home/uripratt/Documents/PhD/OBSEA_data/CTD/scripts/lup_data_obsea_analysis.py:1204: FutureWarning: 'T' is deprecated and will be removed in a future version, please use 'min' instead.
  gap_timestamps = pd.date_range(gap['start'], gap['end'], freq=freq)
Training Forward Model for TEMP...
Created 29 temporal features
Training Backward Model for TEMP...
Created 29 temporal features
Predicting Forward...
XGBoost failed: 'TemporalFeatureEngineer' object has no attribute 'transform'
/home/uripratt/Documents/PhD/OBSEA_data/CTD/scripts/lup_data_obsea_analysis.py:1204: FutureWarning: 'T' is deprecated and will be removed in a future version, please use 'min' instead.
  gap_timestamps = pd.date_range(gap['start'], gap['end'], freq=freq)
/home/uripratt/Documents/PhD/OBSEA_data/CTD/scripts/lup_data_obsea_analysis.py:1204: FutureWarning: 'T' is deprecated and will be removed in a future version, please use 'min' instead.
  gap_timestamps = pd.date_range(gap['start'], gap['end'], freq=freq)
    [33mGenerating multi-method comparison for TEMP[0m[33m...[0m
      Ō£ō Added comparison column: TEMP_TIME
      Ō£ō Added comparison column: TEMP_LINEAR
      Ō£ō Added comparison column: TEMP_SPLINES
      Ō£ō Added comparison column: TEMP_POLYNOMIAL
      VARMA Epoch [1/50] Loss: 1.352166
      VARMA Epoch [10/50] Loss: 0.762870
      VARMA Epoch [20/50] Loss: 0.741321
      VARMA Epoch [30/50] Loss: 0.730811
      VARMA Epoch [40/50] Loss: 0.725069
      VARMA Epoch [50/50] Loss: 0.724092
      Ō£ō Added comparison column: TEMP_VARMA
    [36mŌĢöŌĢÉŌĢÉ Multivariate Bi-LSTM [0m[1;36m([0m[36mImproved[0m[1;36m)[0m[36m for TEMP ŌĢÉŌĢÉŌĢŚ[0m
    [2mŌöé Device: cuda[0m
    [2mŌöé Mode: Train/Val/Test + Early Stopping + NaN Protection[0m
    [2mŌöé Shuffle: DISABLED [0m[1;2m([0m[2mtemporal order preserved[0m[1;2m)[0m
    [2mŌöé Auto-selecting predictors by correlation[0m[2;33m...[0m
    Auto-selected predictors: ['TEMP', 'TEMP_TIME', 'TEMP_VARMA', 'TEMP_POLYNOMIAL', 'TEMP_SPLINES']
    [2mŌöé Predictors [0m[1;2m([0m[1;2;36m5[0m[1;2m)[0m[2m: TEMP, TEMP_TIME, TEMP_VARMA[0m[2;33m...[0m
    [2mŌöé Computing climatological anomaly for TEMP[0m[2;33m...[0m
    [2mŌöé Ō£ō Anomaly computed[0m
    [2mŌöé Complete records: [0m[1;2;36m212[0m[2m,[0m[1;2;36m871[0m[2m [0m[2;35m/[0m[2m [0m[1;2;36m272[0m[2m,[0m[1;2;36m631[0m
    [36mŌöé Training Multivariate Bi-LSTM[0m[36m...[0m
Initialized Multivariate LSTM Imputer
  Target: TEMP
  Predictors: ['TEMP', 'TEMP_TIME', 'TEMP_VARMA', 'TEMP_POLYNOMIAL', 'TEMP_SPLINES']
  Split: Train=60%, Val=20%, Test=20%
  Sequence length: 336 (temporal context)
  Device: cuda
Training Multivariate LSTM (Attention+Scheuler) on TEMP
Temporal split:
  Train: 163,578 samples (2009-05-29 18:30:00 to 2018-09-27 15:00:00)
  Val:   54,526 samples (2018-09-27 15:30:00 to 2021-11-06 14:00:00)
  Test:  54,527 samples (2021-11-06 14:30:00 to 2024-12-16 13:30:00)
Starting training with Attention & Scheduler...
  Epoch [1/100] Train Loss: 1.455825, Val Loss: 1.740578 
  Epoch [5/100] Train Loss: 0.060209, Val Loss: 0.075937 
  Epoch [10/100] Train Loss: 0.035169, Val Loss: 0.078442 
  Epoch [15/100] Train Loss: 0.029256, Val Loss: 0.163297 
  Epoch [20/100] Train Loss: 0.013491, Val Loss: 0.046638 
  Epoch [25/100] Train Loss: 0.012564, Val Loss: 0.019698 
  Epoch [30/100] Train Loss: 0.014940, Val Loss: 0.050976 
  Epoch [35/100] Train Loss: 0.009829, Val Loss: 0.023687 
  Epoch [40/100] Train Loss: 0.010572, Val Loss: 0.021823 
  Epoch [45/100] Train Loss: 0.008817, Val Loss: 0.013500 
  Epoch [50/100] Train Loss: 0.009968, Val Loss: 0.013327 
  Epoch [55/100] Train Loss: 0.008378, Val Loss: 0.008793 
  Epoch [60/100] Train Loss: 0.007761, Val Loss: 0.008589 
  Epoch [65/100] Train Loss: 0.007645, Val Loss: 0.008665 
  Epoch [70/100] Train Loss: 0.007427, Val Loss: 0.008152 
  Epoch [75/100] Train Loss: 0.007407, Val Loss: 0.007804 
  Epoch [80/100] Train Loss: 0.007286, Val Loss: 0.007752 
    [31mŌöé Ō£Ś Multivariate Bi-LSTM failed: CUDA error: unspecified launch failure[0m
[31mSearch for `cudaErrorLaunchFailure' in [0m[4;31mhttps://docs.nvidia.com/cuda/cuda-runtime-api/group__CUDART__TYPES.html[0m[31m for more information.[0m
[31mCUDA kernel errors might be asynchronously reported at some other API call, so the stacktrace below might be incorrect.[0m
[31mFor debugging consider passing [0m[31mCUDA_LAUNCH_BLOCKING[0m[31m=[0m[1;31m1[0m
[31mCompile with `TORCH_USE_CUDA_DSA` to enable device-side assertions.[0m

    [36mŌĢÜŌĢÉŌĢÉŌĢÉŌĢÉŌĢÉŌĢÉŌĢÉŌĢÉŌĢÉŌĢÉŌĢÉŌĢÉŌĢÉŌĢÉŌĢÉŌĢÉŌĢÉŌĢÉŌĢÉŌĢÉŌĢÉŌĢÉŌĢÉŌĢÉŌĢÉŌĢÉŌĢÉŌĢÉŌĢÉŌĢÉŌĢÉŌĢÉŌĢÉŌĢÉŌĢÉŌĢÉŌĢÉŌĢÉŌĢÉŌĢÉŌĢÉŌĢÉŌĢÉŌĢÉŌĢÉŌĢÉŌĢÉŌĢÉŌĢØ[0m
LSTM error: CUDA error: unspecified launch failure
Search for `cudaErrorLaunchFailure' in https://docs.nvidia.com/cuda/cuda-runtime-api/group__CUDART__TYPES.html for more information.
CUDA kernel errors might be asynchronously reported at some other API call, so the stacktrace below might be incorrect.
For debugging consider passing CUDA_LAUNCH_BLOCKING=1
Compile with `TORCH_USE_CUDA_DSA` to enable device-side assertions.
Traceback (most recent call last):
  File "/home/uripratt/Documents/PhD/OBSEA_data/CTD/scripts/lup_data_obsea_analysis.py", line 1518, in interpolate_bilstm
    metrics = imputer.fit(df_multi, verbose=False)
  File "/home/uripratt/Documents/PhD/OBSEA_data/CTD/gap_project_antigr/src/models/multivariate_lstm_model.py", line 457, in fit
    train_loss += loss.item()
torch.AcceleratorError: CUDA error: unspecified launch failure
Search for `cudaErrorLaunchFailure' in https://docs.nvidia.com/cuda/cuda-runtime-api/group__CUDART__TYPES.html for more information.
CUDA kernel errors might be asynchronously reported at some other API call, so the stacktrace below might be incorrect.
For debugging consider passing CUDA_LAUNCH_BLOCKING=1
Compile with `TORCH_USE_CUDA_DSA` to enable device-side assertions.

      Ō£ō Added comparison column: TEMP_BILSTM
Training Forward Model for TEMP...
Created 29 temporal features
Training Backward Model for TEMP...
Created 29 temporal features
Predicting Forward...
XGBoost failed: 'TemporalFeatureEngineer' object has no attribute 'transform'
      Ō£ō Added comparison column: TEMP_XGBOOST
Processing variables... ŌöüŌöüŌöüŌöüŌöüŌöüŌöü                                   18% -:--:--
Traceback (most recent call last):
  File "/home/uripratt/Documents/PhD/OBSEA_data/CTD/scripts/lup_data_obsea_analysis.py", line 2929, in <module>
    main()
  File "/home/uripratt/Documents/PhD/OBSEA_data/CTD/scripts/lup_data_obsea_analysis.py", line 2892, in main
    unified_df_interp, tracking_df = selective_interpolation(
  File "/home/uripratt/Documents/PhD/OBSEA_data/CTD/scripts/lup_data_obsea_analysis.py", line 1814, in selective_interpolation
    torch.cuda.empty_cache()
  File "/home/uripratt/Documents/PhD/OBSEA_data/CTD/venv_obseactd/lib/python3.10/site-packages/torch/cuda/memory.py", line 224, in empty_cache
    torch._C._cuda_emptyCache()
torch.AcceleratorError: CUDA error: unspecified launch failure
Search for `cudaErrorLaunchFailure' in https://docs.nvidia.com/cuda/cuda-runtime-api/group__CUDART__TYPES.html for more information.
CUDA kernel errors might be asynchronously reported at some other API call, so the stacktrace below might be incorrect.
For debugging consider passing CUDA_LAUNCH_BLOCKING=1
Compile with `TORCH_USE_CUDA_DSA` to enable device-side assertions.

