nohup: ignoring input
/home/uripratt/.local/lib/python3.10/site-packages/matplotlib/projections/__init__.py:63: UserWarning: Unable to import Axes3D. This may be due to multiple versions of Matplotlib being installed (e.g. as a system package and as a pip package). As a result, the 3D projection is not available.
  warnings.warn("Unable to import Axes3D. This may be due to multiple versions of "
======================================================================
OBSEA MULTIVARIATE DATA ANALYSIS PIPELINE (LUP VERSION)
Execution started at: 2026-02-28 15:09:08
Working Directory: /home/uripratt/Documents/PhD/OBSEA_data/CTD/scripts
Log file: /home/uripratt/Documents/PhD/OBSEA_data/CTD/scripts/output_lup/pipeline_execution_20260228_150908.log
======================================================================
STEP 1: LOADING DATA
Loading multiple observational sources (CTD, AWAC, Met)...
[?25l[2K[32m⠋[0m Loading data...[2K[32m⠙[0m Loading ctd...[2K[32m⠹[0m Loading ctd...[2K[32m⠸[0m Loading ctd...[2K[32m⠴[0m Loading ctd...[2K  ✓ ctd: [1;36m239[0m,[1;36m341[0m records, [1;36m2009[0m-[1;36m05[0m-[1;36m29[0m [1;92m18:30:00[0m to [1;36m2024[0m-[1;36m12[0m-[1;36m16[0m [1;92m13:30:00[0m
[32m⠴[0m Loading ctd...[2K[32m⠦[0m Loading currents...[2K  ✓ currents: [1;36m52[0m,[1;36m041[0m records, [1;36m2010[0m-[1;36m04[0m-[1;36m08[0m [1;92m10:30:00[0m to [1;36m2023[0m-[1;36m12[0m-[1;36m22[0m [1;92m03:30:00[0m
[32m⠦[0m Loading currents...[2K  ✓ waves: [1;36m23[0m,[1;36m821[0m records, [1;36m2018[0m-[1;36m04[0m-[1;36m05[0m [1;92m10:14:01[0m to [1;36m2024[0m-[1;36m10[0m-[1;36m08[0m [1;92m19:47:05[0m
[32m⠦[0m Loading currents...[2K[32m⠧[0m Loading airmar...[2K[32m⠏[0m Loading airmar...[2K  ✓ airmar: [1;36m110[0m,[1;36m517[0m records, [1;36m2011[0m-[1;36m10[0m-[1;36m06[0m [1;92m11:00:00[0m to [1;36m2024[0m-[1;36m08[0m-[1;36m29[0m [1;92m11:00:00[0m
[32m⠏[0m Loading airmar...[2K[32m⠋[0m Loading ctvg...[2K[32m⠙[0m Loading ctvg...[2K[32m⠹[0m Loading ctvg...[2K  ✓ ctvg: [1;36m203[0m,[1;36m269[0m records, [1;36m2010[0m-[1;36m04[0m-[1;36m08[0m [1;92m10:00:00[0m to [1;36m2024[0m-[1;36m12[0m-[1;36m16[0m [1;92m13:30:00[0m
[32m⠹[0m Loading ctvg...[2K  Loading ctvg...
[?25hSTEP 2: APPLYING INSTRUMENTAL QC
  - ctd       : 84,410 values flagged as suspect/fail
  - currents  : 129 values flagged as suspect/fail
  - waves     : 1,332 values flagged as suspect/fail
  - airmar    : 17,191 values flagged as suspect/fail
  - ctvg      : 59,719 values flagged as suspect/fail
STEP 3: CREATING UNIFIED MULTIVARIATE DATASET

[1;34mCreating unified dataset[0m[1;34m...[0m
  Time range: [1;36m2009[0m-[1;36m05[0m-[1;36m29[0m [1;92m18:30:00[0m to [1;36m2024[0m-[1;36m12[0m-[1;36m16[0m [1;92m13:30:00[0m
  ✓ ctd: [1;36m209[0m,[1;36m861[0m timestamps with data
  ✓ currents: [1;36m52[0m,[1;36m041[0m timestamps with data
  ✓ waves: [1;36m23[0m,[1;36m787[0m timestamps with data
  ✓ airmar: [1;36m110[0m,[1;36m444[0m timestamps with data
  ✓ ctvg: [1;36m203[0m,[1;36m125[0m timestamps with data

[32mUnified dataset: [0m[1;32m244[0m[32m,[0m[1;32m524[0m[32m records, [0m[1;32m91[0m[32m variables[0m
STEP 3.5: OCEANOGRAPHIC FEATURE EXTRACTION AND ADVANCED PREPROCESSING

[1;36mAdding Phase [0m[1;36m3[0m[1;36m derived features[0m[1;36m...[0m
  Computing σ_θ [1m([0mpotential density[1m)[0m[33m...[0m
  Computing N² [1m([0mstratification[1m)[0m[33m...[0m
  Computing wind U/V components[33m...[0m
  Computing wind stress[33m...[0m
  Computing wave energy flux[33m...[0m
  Computing RMS currents[33m...[0m
  Computing climatological anomalies[33m...[0m
  Computing STL decomposition and Long-Term Trends[33m...[0m
    [2mLong-term TEMP Trend: +[0m[1;2;36m0.1842[0m[2m units/year [0m[1;2m([0m[2;33mp[0m[2m=[0m[1;2;36m0[0m[1;2;36m.0000[0m[1;2m)[0m
    [2mLong-term PSAL Trend: +[0m[1;2;36m0.0233[0m[2m units/year [0m[1;2m([0m[2;33mp[0m[2m=[0m[1;2;36m0[0m[1;2;36m.0000[0m[1;2m)[0m
  Performing stationarity tests [1m([0mADF[1m)[0m[33m...[0m
