nohup: ignoring input
/home/uripratt/.local/lib/python3.10/site-packages/matplotlib/projections/__init__.py:63: UserWarning: Unable to import Axes3D. This may be due to multiple versions of Matplotlib being installed (e.g. as a system package and as a pip package). As a result, the 3D projection is not available.
  warnings.warn("Unable to import Axes3D. This may be due to multiple versions of "
======================================================================
OBSEA MULTIVARIATE DATA ANALYSIS PIPELINE (LUP VERSION)
Execution started at: 2026-02-24 23:32:05
Working Directory: /home/uripratt/Documents/PhD/OBSEA_data/CTD/scripts
Log file: /home/uripratt/Documents/PhD/OBSEA_data/CTD/scripts/output_lup/pipeline_execution_20260224_233205.log
======================================================================
STEP 1: LOADING DATA
Loading multiple observational sources (CTD, AWAC, Met)...
[?25l[2K[32m⠋[0m Loading data...[2K[32m⠙[0m Loading ctd...[2K[32m⠹[0m Loading ctd...[2K[32m⠸[0m Loading ctd...[2K  ✓ ctd: [1;36m239[0m,[1;36m341[0m records, [1;36m2009[0m-[1;36m05[0m-[1;36m29[0m [1;92m18:30:00[0m to [1;36m2024[0m-[1;36m12[0m-[1;36m16[0m [1;92m13:30:00[0m
[32m⠸[0m Loading ctd...[2K  ✓ currents: [1;36m52[0m,[1;36m041[0m records, [1;36m2010[0m-[1;36m04[0m-[1;36m08[0m [1;92m10:30:00[0m to [1;36m2023[0m-[1;36m12[0m-[1;36m22[0m [1;92m03:30:00[0m
[32m⠸[0m Loading ctd...[2K  ✓ waves: [1;36m23[0m,[1;36m821[0m records, [1;36m2018[0m-[1;36m04[0m-[1;36m05[0m [1;92m10:14:01[0m to [1;36m2024[0m-[1;36m10[0m-[1;36m08[0m [1;92m19:47:05[0m
[32m⠸[0m Loading ctd...[2K[32m⠴[0m Loading airmar...[2K[32m⠦[0m Loading airmar...[2K  ✓ airmar: [1;36m110[0m,[1;36m517[0m records, [1;36m2011[0m-[1;36m10[0m-[1;36m06[0m [1;92m11:00:00[0m to [1;36m2024[0m-[1;36m08[0m-[1;36m29[0m [1;92m11:00:00[0m
[32m⠦[0m Loading airmar...[2K[32m⠧[0m Loading ctvg...[2K[32m⠏[0m Loading ctvg...[2K  ✓ ctvg: [1;36m203[0m,[1;36m269[0m records, [1;36m2010[0m-[1;36m04[0m-[1;36m08[0m [1;92m10:00:00[0m to [1;36m2024[0m-[1;36m12[0m-[1;36m16[0m [1;92m13:30:00[0m
[32m⠏[0m Loading ctvg...[2K  Loading ctvg...
[?25hSTEP 2: APPLYING INSTRUMENTAL QC
  - ctd       : 84,410 values flagged as suspect/fail
  - currents  : 129 values flagged as suspect/fail
  - waves     : 1,332 values flagged as suspect/fail
  - airmar    : 17,191 values flagged as suspect/fail
  - ctvg      : 59,719 values flagged as suspect/fail
STEP 3: CREATING UNIFIED MULTIVARIATE DATASET

[1;34mCreating unified dataset[0m[1;34m...[0m
  Time range: [1;36m2009[0m-[1;36m05[0m-[1;36m29[0m [1;92m18:30:00[0m to [1;36m2024[0m-[1;36m12[0m-[1;36m16[0m [1;92m13:30:00[0m
  ✓ ctd: [1;36m209[0m,[1;36m861[0m timestamps with data
  ✓ currents: [1;36m52[0m,[1;36m041[0m timestamps with data
  ✓ waves: [1;36m23[0m,[1;36m787[0m timestamps with data
  ✓ airmar: [1;36m110[0m,[1;36m444[0m timestamps with data
  ✓ ctvg: [1;36m203[0m,[1;36m125[0m timestamps with data

[32mUnified dataset: [0m[1;32m244[0m[32m,[0m[1;32m524[0m[32m records, [0m[1;32m91[0m[32m variables[0m
STEP 3.5: OCEANOGRAPHIC FEATURE EXTRACTION AND ADVANCED PREPROCESSING

[1;36mAdding Phase [0m[1;36m3[0m[1;36m derived features[0m[1;36m...[0m
  Computing σ_θ [1m([0mpotential density[1m)[0m[33m...[0m
  Computing N² [1m([0mstratification[1m)[0m[33m...[0m
  Computing wind U/V components[33m...[0m
  Computing wind stress[33m...[0m
  Computing wave energy flux[33m...[0m
  Computing RMS currents[33m...[0m
  Computing climatological anomalies[33m...[0m
  Computing STL decomposition and Long-Term Trends[33m...[0m
    [2mLong-term TEMP Trend: +[0m[1;2;36m0.1842[0m[2m units/year [0m[1;2m([0m[2;33mp[0m[2m=[0m[1;2;36m0[0m[1;2;36m.0000[0m[1;2m)[0m
    [2mLong-term PSAL Trend: +[0m[1;2;36m0.0233[0m[2m units/year [0m[1;2m([0m[2;33mp[0m[2m=[0m[1;2;36m0[0m[1;2;36m.0000[0m[1;2m)[0m
  Performing stationarity tests [1m([0mADF[1m)[0m[33m...[0m
    [32mTEMP: Stationary [0m[1;32m([0m[32mp < [0m[1;32m0.05[0m[1;32m)[0m[32m [0m[1;32m([0m[32mp[0m[32m=[0m[1;32m0[0m[1;32m.0000[0m[1;32m)[0m
    [32mPSAL: Stationary [0m[1;32m([0m[32mp < [0m[1;32m0.05[0m[1;32m)[0m[32m [0m[1;32m([0m[32mp[0m[32m=[0m[1;32m0[0m[1;32m.0000[0m[1;32m)[0m
    [32mSIGMA0: Stationary [0m[1;32m([0m[32mp < [0m[1;32m0.05[0m[1;32m)[0m[32m [0m[1;32m([0m[32mp[0m[32m=[0m[1;32m0[0m[1;32m.0000[0m[1;32m)[0m
  [32m✓ Phase [0m[1;32m3[0m[32m Complete: Added [0m[1;32m15[0m[32m derived features[0m
STEP 4: STATISTICAL ANALYSIS AND CORRELATIONS
  - Computed descriptive statistics for 39 variables
  - Computed correlation matrix for primary predictors
STEP 5: GAP ANALYSIS AND CLASSIFICATION
  - Identified 201,887 gaps across all variables
STEP 5.5: VARIABLE QUALITY FILTERING
  Filtering to 11 high-quality variables (≤25% gaps)
  ✓ Filtered: 106 → 29 columns
  Variables retained: PSAL, PSAL_ANOMALY, TEMP, TEMP_ANOMALY, CNDC, SVEL, LAND_RELH, LAND_WSPD, LAND_WDIR, LAND_CAPH, LAND_AIRT
  Working with 11 high-quality variables for interpolation
STEP 5.6: SCIENTIFIC BENCHMARKING OF INTERPOLATION METHODS
Testing: Linear, Time, Splines, Polynomial, VARMA, Bi-LSTM

  [1mBenchmarking gap filling on TEMP[0m[1;33m...[0m
  [MICRO] Simulating 50 gaps (1-1 pts)
  [MICRO] Created 50 gap points for testing
    [MICRO|LINEAR] Starting interpolation...
    [MICRO|LINEAR] RMSE=0.1309, MAE=0.0276, R²=0.9990
    [MICRO|TIME] Starting interpolation...
    [MICRO|TIME] RMSE=0.1309, MAE=0.0276, R²=0.9990
    [MICRO|SPLINES] Starting interpolation...
    [MICRO|SPLINES] RMSE=0.9302, MAE=0.6605, R²=0.9474
    [MICRO|POLYNOMIAL] Starting interpolation...
    [MICRO|POLYNOMIAL] RMSE=0.0891, MAE=0.0220, R²=0.9995
    [MICRO|VARMA] Starting interpolation...
    [MICRO|VARMA] Training VARMA model...
      VARMA Epoch [1/50] Loss: 1.477856
      VARMA Epoch [10/50] Loss: 0.767945
      VARMA Epoch [20/50] Loss: 0.740396
      VARMA Epoch [30/50] Loss: 0.737250
      VARMA Epoch [40/50] Loss: 0.731547
      VARMA Epoch [50/50] Loss: 0.722603
    [MICRO|VARMA] RMSE=0.0899, MAE=0.0233, R²=0.9995
    [MICRO|BILSTM] Starting interpolation...
    [MICRO|BILSTM] Training Bi-LSTM model...
    [36m╔══ Multivariate Bi-LSTM [0m[1;36m([0m[36mImproved[0m[1;36m)[0m[36m for TEMP ══╗[0m
    [2m│ Device: cuda[0m
    [2m│ Mode: Train/Val/Test + Early Stopping + NaN Protection[0m
    [2m│ Shuffle: DISABLED [0m[1;2m([0m[2mtemporal order preserved[0m[1;2m)[0m
    [2m│ Predictors [0m[1;2m([0m[1;2;36m6[0m[1;2m)[0m[2m: TEMP, SVEL, CNDC[0m[2;33m...[0m
    [2m│ Computing climatological anomaly for TEMP[0m[2;33m...[0m
    [2m│ ✓ Anomaly computed[0m
    [2m│ Complete records: [0m[1;2;36m168[0m[2m,[0m[1;2;36m017[0m[2m [0m[2;35m/[0m[2m [0m[1;2;36m244[0m[2m,[0m[1;2;36m524[0m
    [36m│ Training Multivariate Bi-LSTM[0m[36m...[0m
Initialized Multivariate LSTM Imputer
  Target: TEMP
  Predictors: ['TEMP', 'SVEL', 'CNDC', 'LAND_AIRT', 'TEMP_ANOMALY', 'LAND_CAPH']
  Split: Train=60%, Val=20%, Test=20%
  Sequence length: 720 (temporal context)
  Device: cuda
Training Multivariate LSTM (Attention+Scheuler) on TEMP
Temporal split:
  Train: 146,714 samples (2009-05-29 18:30:00 to 2019-04-11 11:30:00)
  Val:   48,904 samples (2019-04-11 12:00:00 to 2022-02-18 03:00:00)
  Test:  48,906 samples (2022-02-18 03:30:00 to 2024-12-16 13:30:00)
Starting training with Attention & Scheduler...
  Epoch [1/100] Train Loss: 1.249397, Val Loss: 1.916961 
  Epoch [5/100] Train Loss: 1.273021, Val Loss: 1.829228 
  Epoch [10/100] Train Loss: 0.525205, Val Loss: 0.143719 
  Epoch [15/100] Train Loss: 0.066203, Val Loss: 0.035832 
  Epoch [20/100] Train Loss: 0.045754, Val Loss: 0.052398 
  Epoch [25/100] Train Loss: 0.030059, Val Loss: 0.029650 
  Epoch [30/100] Train Loss: 0.026837, Val Loss: 0.022404 
  Epoch [35/100] Train Loss: 0.024797, Val Loss: 0.020263 
  Epoch [40/100] Train Loss: 0.024392, Val Loss: 0.013720 
  Epoch [45/100] Train Loss: 0.024908, Val Loss: 0.017437 
  Epoch [50/100] Train Loss: 0.019070, Val Loss: 0.019787 
  Epoch [55/100] Train Loss: 0.015995, Val Loss: 0.012939 
  Epoch [60/100] Train Loss: 0.016209, Val Loss: 0.012457 
  Epoch [65/100] Train Loss: 0.015507, Val Loss: 0.014946 
  Epoch [70/100] Train Loss: 0.015237, Val Loss: 0.013008 
  Epoch [75/100] Train Loss: 0.014470, Val Loss: 0.012360 
  Epoch [80/100] Train Loss: 0.014220, Val Loss: 0.012357 
  Epoch [85/100] Train Loss: 0.014009, Val Loss: 0.012320 
  Epoch [90/100] Train Loss: 0.014053, Val Loss: 0.012288 
  Epoch [95/100] Train Loss: 0.013294, Val Loss: 0.012308 
Early stopping triggered at epoch 98
Restored best model from epoch 78
Training complete!
  Best epoch: 78
  Best val loss: 0.012268
  Test loss: 0.006710
    [2m│ ✓ Training complete [0m[1;2m([0m[2mstopped at epoch [0m[1;2;36m78[0m[1;2m)[0m
    [2m│   Val loss: [0m[1;2;36m0.012268[0m[2m, Test loss: [0m[1;2;36m0.006710[0m
    [2m│ Predicting gaps in anomaly space[0m[2;33m...[0m
    DEBUG: anomaly_filled - Total: 244524, NaN: 720, Valid: 243804
    DEBUG: anomaly_filled range: [-7.4176, 4.8069]
    DEBUG: NaN count - Original anomaly: 42923, Predicted: 720
    [2m│ Reconstructing full signal [0m[1;2m([0m[2mtargeted gap filling[0m[1;2m)[0m[2;33m...[0m
    [32m│ ✓ Filled [0m[1;32m42[0m[32m,[0m[1;32m203[0m[32m gap points [0m[1;32m([0m[32mwith Blending[0m[1;32m)[0m
    DEBUG: Final NaN count - Original: 42923, Final: 720, Filled: 42203
    [32m│ ✓ Multivariate residual learning complete [0m[1;32m([0m[1;32m42[0m[32m,[0m[1;32m203[0m[32m gaps filled[0m[1;32m)[0m
    [36m╚════════════════════════════════════════════════╝[0m
    [MICRO|BILSTM] RMSE=0.3060, MAE=0.0714, R²=0.9943
    [MICRO|XGBOOST] Starting interpolation...
    [MICRO|XGBOOST] Training XGBoost model...
Training Forward Model for TEMP...
Using Auto-Supervised Residual Learning approach.
Training Backward Model for TEMP...
Using Auto-Supervised Residual Learning approach.
Predicting Forward...
Predicting Backward...
    [MICRO|XGBOOST] RMSE=0.1324, MAE=0.0626, R²=0.9989
    [MICRO|MISSFOREST] Starting interpolation...
